  [1m[35m (6.9ms)[0m  [1m[35mCREATE DATABASE `first_app_development` DEFAULT CHARACTER SET `utf8mb4`[0m
  [1m[35m (1.5ms)[0m  [1m[35mCREATE DATABASE `first_app_test` DEFAULT CHARACTER SET `utf8mb4`[0m
Started GET "/" for ::1 at 2021-12-13 17:32:20 +0900
Processing by Rails::WelcomeController#index as HTML
  Rendering /Users/matsumotokazuya/.rbenv/versions/2.6.5/lib/ruby/gems/2.6.0/gems/railties-6.0.4.1/lib/rails/templates/rails/welcome/index.html.erb
  Rendered /Users/matsumotokazuya/.rbenv/versions/2.6.5/lib/ruby/gems/2.6.0/gems/railties-6.0.4.1/lib/rails/templates/rails/welcome/index.html.erb (Duration: 18.1ms | Allocations: 482)
Completed 200 OK in 36ms (Views: 25.3ms | ActiveRecord: 0.0ms | Allocations: 2819)


Started GET "/" for ::1 at 2021-12-17 02:35:14 +0900
Processing by Rails::WelcomeController#index as HTML
  Rendering /Users/matsumotokazuya/.rbenv/versions/2.6.5/lib/ruby/gems/2.6.0/gems/railties-6.0.4.1/lib/rails/templates/rails/welcome/index.html.erb
  Rendered /Users/matsumotokazuya/.rbenv/versions/2.6.5/lib/ruby/gems/2.6.0/gems/railties-6.0.4.1/lib/rails/templates/rails/welcome/index.html.erb (Duration: 16.7ms | Allocations: 309)
Completed 200 OK in 35ms (Views: 22.7ms | ActiveRecord: 0.0ms | Allocations: 1727)


Started GET "/posts" for ::1 at 2021-12-17 03:20:21 +0900
  
ActionController::RoutingError (uninitialized constant PostsController):
  
actionpack (6.0.4.1) lib/action_dispatch/http/request.rb:92:in `rescue in controller_class_for'
actionpack (6.0.4.1) lib/action_dispatch/http/request.rb:88:in `controller_class_for'
actionpack (6.0.4.1) lib/action_dispatch/http/request.rb:81:in `controller_class'
actionpack (6.0.4.1) lib/action_dispatch/routing/route_set.rb:44:in `controller'
actionpack (6.0.4.1) lib/action_dispatch/routing/route_set.rb:31:in `serve'
actionpack (6.0.4.1) lib/action_dispatch/journey/router.rb:49:in `block in serve'
actionpack (6.0.4.1) lib/action_dispatch/journey/router.rb:32:in `each'
actionpack (6.0.4.1) lib/action_dispatch/journey/router.rb:32:in `serve'
actionpack (6.0.4.1) lib/action_dispatch/routing/route_set.rb:834:in `call'
rack (2.2.3) lib/rack/tempfile_reaper.rb:15:in `call'
rack (2.2.3) lib/rack/etag.rb:27:in `call'
rack (2.2.3) lib/rack/conditional_get.rb:27:in `call'
rack (2.2.3) lib/rack/head.rb:12:in `call'
actionpack (6.0.4.1) lib/action_dispatch/http/content_security_policy.rb:18:in `call'
rack (2.2.3) lib/rack/session/abstract/id.rb:266:in `context'
rack (2.2.3) lib/rack/session/abstract/id.rb:260:in `call'
actionpack (6.0.4.1) lib/action_dispatch/middleware/cookies.rb:654:in `call'
activerecord (6.0.4.1) lib/active_record/migration.rb:567:in `call'
actionpack (6.0.4.1) lib/action_dispatch/middleware/callbacks.rb:27:in `block in call'
activesupport (6.0.4.1) lib/active_support/callbacks.rb:101:in `run_callbacks'
actionpack (6.0.4.1) lib/action_dispatch/middleware/callbacks.rb:26:in `call'
actionpack (6.0.4.1) lib/action_dispatch/middleware/executor.rb:14:in `call'
actionpack (6.0.4.1) lib/action_dispatch/middleware/actionable_exceptions.rb:18:in `call'
actionpack (6.0.4.1) lib/action_dispatch/middleware/debug_exceptions.rb:32:in `call'
web-console (4.2.0) lib/web_console/middleware.rb:132:in `call_app'
web-console (4.2.0) lib/web_console/middleware.rb:28:in `block in call'
web-console (4.2.0) lib/web_console/middleware.rb:17:in `catch'
web-console (4.2.0) lib/web_console/middleware.rb:17:in `call'
actionpack (6.0.4.1) lib/action_dispatch/middleware/show_exceptions.rb:33:in `call'
railties (6.0.4.1) lib/rails/rack/logger.rb:37:in `call_app'
railties (6.0.4.1) lib/rails/rack/logger.rb:26:in `block in call'
activesupport (6.0.4.1) lib/active_support/tagged_logging.rb:80:in `block in tagged'
activesupport (6.0.4.1) lib/active_support/tagged_logging.rb:28:in `tagged'
activesupport (6.0.4.1) lib/active_support/tagged_logging.rb:80:in `tagged'
railties (6.0.4.1) lib/rails/rack/logger.rb:26:in `call'
sprockets-rails (3.4.2) lib/sprockets/rails/quiet_assets.rb:13:in `call'
actionpack (6.0.4.1) lib/action_dispatch/middleware/remote_ip.rb:81:in `call'
actionpack (6.0.4.1) lib/action_dispatch/middleware/request_id.rb:27:in `call'
rack (2.2.3) lib/rack/method_override.rb:24:in `call'
rack (2.2.3) lib/rack/runtime.rb:22:in `call'
activesupport (6.0.4.1) lib/active_support/cache/strategy/local_cache_middleware.rb:29:in `call'
actionpack (6.0.4.1) lib/action_dispatch/middleware/executor.rb:14:in `call'
actionpack (6.0.4.1) lib/action_dispatch/middleware/static.rb:126:in `call'
rack (2.2.3) lib/rack/sendfile.rb:110:in `call'
actionpack (6.0.4.1) lib/action_dispatch/middleware/host_authorization.rb:82:in `call'
webpacker (4.3.0) lib/webpacker/dev_server_proxy.rb:23:in `perform_request'
rack-proxy (0.7.0) lib/rack/proxy.rb:63:in `call'
railties (6.0.4.1) lib/rails/engine.rb:527:in `call'
puma (3.12.6) lib/puma/configuration.rb:227:in `call'
puma (3.12.6) lib/puma/server.rb:706:in `handle_request'
puma (3.12.6) lib/puma/server.rb:476:in `process_client'
puma (3.12.6) lib/puma/server.rb:334:in `block in run'
puma (3.12.6) lib/puma/thread_pool.rb:135:in `block in spawn_thread'
Started GET "/posts" for ::1 at 2021-12-17 03:35:04 +0900
Processing by PostsController#index as HTML
Completed 406 Not Acceptable in 8ms (ActiveRecord: 0.0ms | Allocations: 1972)


  
ActionController::MissingExactTemplate (PostsController#index is missing a template for request formats: text/html):
  
actionpack (6.0.4.1) lib/action_controller/metal/implicit_render.rb:45:in `default_render'
actionpack (6.0.4.1) lib/action_controller/metal/basic_implicit_render.rb:6:in `block in send_action'
actionpack (6.0.4.1) lib/action_controller/metal/basic_implicit_render.rb:6:in `tap'
actionpack (6.0.4.1) lib/action_controller/metal/basic_implicit_render.rb:6:in `send_action'
actionpack (6.0.4.1) lib/abstract_controller/base.rb:195:in `process_action'
actionpack (6.0.4.1) lib/action_controller/metal/rendering.rb:30:in `process_action'
actionpack (6.0.4.1) lib/abstract_controller/callbacks.rb:42:in `block in process_action'
activesupport (6.0.4.1) lib/active_support/callbacks.rb:135:in `run_callbacks'
actionpack (6.0.4.1) lib/abstract_controller/callbacks.rb:41:in `process_action'
actionpack (6.0.4.1) lib/action_controller/metal/rescue.rb:22:in `process_action'
actionpack (6.0.4.1) lib/action_controller/metal/instrumentation.rb:33:in `block in process_action'
activesupport (6.0.4.1) lib/active_support/notifications.rb:180:in `block in instrument'
activesupport (6.0.4.1) lib/active_support/notifications/instrumenter.rb:24:in `instrument'
activesupport (6.0.4.1) lib/active_support/notifications.rb:180:in `instrument'
actionpack (6.0.4.1) lib/action_controller/metal/instrumentation.rb:32:in `process_action'
actionpack (6.0.4.1) lib/action_controller/metal/params_wrapper.rb:245:in `process_action'
activerecord (6.0.4.1) lib/active_record/railties/controller_runtime.rb:27:in `process_action'
actionpack (6.0.4.1) lib/abstract_controller/base.rb:136:in `process'
actionview (6.0.4.1) lib/action_view/rendering.rb:39:in `process'
actionpack (6.0.4.1) lib/action_controller/metal.rb:190:in `dispatch'
actionpack (6.0.4.1) lib/action_controller/metal.rb:254:in `dispatch'
actionpack (6.0.4.1) lib/action_dispatch/routing/route_set.rb:50:in `dispatch'
actionpack (6.0.4.1) lib/action_dispatch/routing/route_set.rb:33:in `serve'
actionpack (6.0.4.1) lib/action_dispatch/journey/router.rb:49:in `block in serve'
actionpack (6.0.4.1) lib/action_dispatch/journey/router.rb:32:in `each'
actionpack (6.0.4.1) lib/action_dispatch/journey/router.rb:32:in `serve'
actionpack (6.0.4.1) lib/action_dispatch/routing/route_set.rb:834:in `call'
rack (2.2.3) lib/rack/tempfile_reaper.rb:15:in `call'
rack (2.2.3) lib/rack/etag.rb:27:in `call'
rack (2.2.3) lib/rack/conditional_get.rb:27:in `call'
rack (2.2.3) lib/rack/head.rb:12:in `call'
actionpack (6.0.4.1) lib/action_dispatch/http/content_security_policy.rb:18:in `call'
rack (2.2.3) lib/rack/session/abstract/id.rb:266:in `context'
rack (2.2.3) lib/rack/session/abstract/id.rb:260:in `call'
actionpack (6.0.4.1) lib/action_dispatch/middleware/cookies.rb:654:in `call'
activerecord (6.0.4.1) lib/active_record/migration.rb:567:in `call'
actionpack (6.0.4.1) lib/action_dispatch/middleware/callbacks.rb:27:in `block in call'
activesupport (6.0.4.1) lib/active_support/callbacks.rb:101:in `run_callbacks'
actionpack (6.0.4.1) lib/action_dispatch/middleware/callbacks.rb:26:in `call'
actionpack (6.0.4.1) lib/action_dispatch/middleware/executor.rb:14:in `call'
actionpack (6.0.4.1) lib/action_dispatch/middleware/actionable_exceptions.rb:18:in `call'
actionpack (6.0.4.1) lib/action_dispatch/middleware/debug_exceptions.rb:32:in `call'
web-console (4.2.0) lib/web_console/middleware.rb:132:in `call_app'
web-console (4.2.0) lib/web_console/middleware.rb:28:in `block in call'
web-console (4.2.0) lib/web_console/middleware.rb:17:in `catch'
web-console (4.2.0) lib/web_console/middleware.rb:17:in `call'
actionpack (6.0.4.1) lib/action_dispatch/middleware/show_exceptions.rb:33:in `call'
railties (6.0.4.1) lib/rails/rack/logger.rb:37:in `call_app'
railties (6.0.4.1) lib/rails/rack/logger.rb:26:in `block in call'
activesupport (6.0.4.1) lib/active_support/tagged_logging.rb:80:in `block in tagged'
activesupport (6.0.4.1) lib/active_support/tagged_logging.rb:28:in `tagged'
activesupport (6.0.4.1) lib/active_support/tagged_logging.rb:80:in `tagged'
railties (6.0.4.1) lib/rails/rack/logger.rb:26:in `call'
sprockets-rails (3.4.2) lib/sprockets/rails/quiet_assets.rb:13:in `call'
actionpack (6.0.4.1) lib/action_dispatch/middleware/remote_ip.rb:81:in `call'
actionpack (6.0.4.1) lib/action_dispatch/middleware/request_id.rb:27:in `call'
rack (2.2.3) lib/rack/method_override.rb:24:in `call'
rack (2.2.3) lib/rack/runtime.rb:22:in `call'
activesupport (6.0.4.1) lib/active_support/cache/strategy/local_cache_middleware.rb:29:in `call'
actionpack (6.0.4.1) lib/action_dispatch/middleware/executor.rb:14:in `call'
actionpack (6.0.4.1) lib/action_dispatch/middleware/static.rb:126:in `call'
rack (2.2.3) lib/rack/sendfile.rb:110:in `call'
actionpack (6.0.4.1) lib/action_dispatch/middleware/host_authorization.rb:82:in `call'
webpacker (4.3.0) lib/webpacker/dev_server_proxy.rb:23:in `perform_request'
rack-proxy (0.7.0) lib/rack/proxy.rb:63:in `call'
railties (6.0.4.1) lib/rails/engine.rb:527:in `call'
puma (3.12.6) lib/puma/configuration.rb:227:in `call'
puma (3.12.6) lib/puma/server.rb:706:in `handle_request'
puma (3.12.6) lib/puma/server.rb:476:in `process_client'
puma (3.12.6) lib/puma/server.rb:334:in `block in run'
puma (3.12.6) lib/puma/thread_pool.rb:135:in `block in spawn_thread'
Started GET "/posts" for ::1 at 2021-12-18 03:02:27 +0900
Processing by PostsController#index as HTML
  Rendering posts/index.html.erb within layouts/application
  Rendered posts/index.html.erb within layouts/application (Duration: 3.6ms | Allocations: 205)
[Webpacker] Compiling...
[Webpacker] Compiled all packs in /Users/matsumotokazuya/Desktop/テックキャンプ/projects/first_app/public/packs
[Webpacker] Though the "loose" option was set to "false" in your @babel/preset-env config, it will not be used for @babel/plugin-proposal-private-property-in-object since the "loose" mode option was set to "true" for @babel/plugin-proposal-class-properties.
The "loose" option must be the same for @babel/plugin-proposal-class-properties, @babel/plugin-proposal-private-methods and @babel/plugin-proposal-private-property-in-object (when they are enabled): you can silence this warning by explicitly adding
	["@babel/plugin-proposal-private-property-in-object", { "loose": true }]
to the "plugins" section of your Babel config.
Though the "loose" option was set to "false" in your @babel/preset-env config, it will not be used for @babel/plugin-proposal-private-methods since the "loose" mode option was set to "true" for @babel/plugin-proposal-private-property-in-object.
The "loose" option must be the same for @babel/plugin-proposal-class-properties, @babel/plugin-proposal-private-methods and @babel/plugin-proposal-private-property-in-object (when they are enabled): you can silence this warning by explicitly adding
	["@babel/plugin-proposal-private-methods", { "loose": true }]
to the "plugins" section of your Babel config.
Though the "loose" option was set to "false" in your @babel/preset-env config, it will not be used for @babel/plugin-proposal-private-property-in-object since the "loose" mode option was set to "true" for @babel/plugin-proposal-class-properties.
The "loose" option must be the same for @babel/plugin-proposal-class-properties, @babel/plugin-proposal-private-methods and @babel/plugin-proposal-private-property-in-object (when they are enabled): you can silence this warning by explicitly adding
	["@babel/plugin-proposal-private-property-in-object", { "loose": true }]
to the "plugins" section of your Babel config.
Though the "loose" option was set to "false" in your @babel/preset-env config, it will not be used for @babel/plugin-proposal-private-methods since the "loose" mode option was set to "true" for @babel/plugin-proposal-private-property-in-object.
The "loose" option must be the same for @babel/plugin-proposal-class-properties, @babel/plugin-proposal-private-methods and @babel/plugin-proposal-private-property-in-object (when they are enabled): you can silence this warning by explicitly adding
	["@babel/plugin-proposal-private-methods", { "loose": true }]
to the "plugins" section of your Babel config.
Though the "loose" option was set to "false" in your @babel/preset-env config, it will not be used for @babel/plugin-proposal-private-property-in-object since the "loose" mode option was set to "true" for @babel/plugin-proposal-class-properties.
The "loose" option must be the same for @babel/plugin-proposal-class-properties, @babel/plugin-proposal-private-methods and @babel/plugin-proposal-private-property-in-object (when they are enabled): you can silence this warning by explicitly adding
	["@babel/plugin-proposal-private-property-in-object", { "loose": true }]
to the "plugins" section of your Babel config.
Though the "loose" option was set to "false" in your @babel/preset-env config, it will not be used for @babel/plugin-proposal-private-methods since the "loose" mode option was set to "true" for @babel/plugin-proposal-private-property-in-object.
The "loose" option must be the same for @babel/plugin-proposal-class-properties, @babel/plugin-proposal-private-methods and @babel/plugin-proposal-private-property-in-object (when they are enabled): you can silence this warning by explicitly adding
	["@babel/plugin-proposal-private-methods", { "loose": true }]
to the "plugins" section of your Babel config.
Though the "loose" option was set to "false" in your @babel/preset-env config, it will not be used for @babel/plugin-proposal-private-property-in-object since the "loose" mode option was set to "true" for @babel/plugin-proposal-class-properties.
The "loose" option must be the same for @babel/plugin-proposal-class-properties, @babel/plugin-proposal-private-methods and @babel/plugin-proposal-private-property-in-object (when they are enabled): you can silence this warning by explicitly adding
	["@babel/plugin-proposal-private-property-in-object", { "loose": true }]
to the "plugins" section of your Babel config.
Though the "loose" option was set to "false" in your @babel/preset-env config, it will not be used for @babel/plugin-proposal-private-methods since the "loose" mode option was set to "true" for @babel/plugin-proposal-private-property-in-object.
The "loose" option must be the same for @babel/plugin-proposal-class-properties, @babel/plugin-proposal-private-methods and @babel/plugin-proposal-private-property-in-object (when they are enabled): you can silence this warning by explicitly adding
	["@babel/plugin-proposal-private-methods", { "loose": true }]
to the "plugins" section of your Babel config.
Though the "loose" option was set to "false" in your @babel/preset-env config, it will not be used for @babel/plugin-proposal-private-property-in-object since the "loose" mode option was set to "true" for @babel/plugin-proposal-class-properties.
The "loose" option must be the same for @babel/plugin-proposal-class-properties, @babel/plugin-proposal-private-methods and @babel/plugin-proposal-private-property-in-object (when they are enabled): you can silence this warning by explicitly adding
	["@babel/plugin-proposal-private-property-in-object", { "loose": true }]
to the "plugins" section of your Babel config.
Though the "loose" option was set to "false" in your @babel/preset-env config, it will not be used for @babel/plugin-proposal-private-methods since the "loose" mode option was set to "true" for @babel/plugin-proposal-private-property-in-object.
The "loose" option must be the same for @babel/plugin-proposal-class-properties, @babel/plugin-proposal-private-methods and @babel/plugin-proposal-private-property-in-object (when they are enabled): you can silence this warning by explicitly adding
	["@babel/plugin-proposal-private-methods", { "loose": true }]
to the "plugins" section of your Babel config.
Though the "loose" option was set to "false" in your @babel/preset-env config, it will not be used for @babel/plugin-proposal-private-property-in-object since the "loose" mode option was set to "true" for @babel/plugin-proposal-class-properties.
The "loose" option must be the same for @babel/plugin-proposal-class-properties, @babel/plugin-proposal-private-methods and @babel/plugin-proposal-private-property-in-object (when they are enabled): you can silence this warning by explicitly adding
	["@babel/plugin-proposal-private-property-in-object", { "loose": true }]
to the "plugins" section of your Babel config.
Though the "loose" option was set to "false" in your @babel/preset-env config, it will not be used for @babel/plugin-proposal-private-methods since the "loose" mode option was set to "true" for @babel/plugin-proposal-private-property-in-object.
The "loose" option must be the same for @babel/plugin-proposal-class-properties, @babel/plugin-proposal-private-methods and @babel/plugin-proposal-private-property-in-object (when they are enabled): you can silence this warning by explicitly adding
	["@babel/plugin-proposal-private-methods", { "loose": true }]
to the "plugins" section of your Babel config.

[Webpacker] Hash: bdff1afdfbe7c189d484
Version: webpack 4.46.0
Time: 2410ms
Built at: 2021/12/18 3:02:35
                                     Asset       Size       Chunks                         Chunk Names
    js/application-a860ea931ce4c057e219.js    124 KiB  application  [emitted] [immutable]  application
js/application-a860ea931ce4c057e219.js.map    139 KiB  application  [emitted] [dev]        application
                             manifest.json  364 bytes               [emitted]              
Entrypoint application = js/application-a860ea931ce4c057e219.js js/application-a860ea931ce4c057e219.js.map
[./app/javascript/channels sync recursive _channel\.js$] ./app/javascript/channels sync _channel\.js$ 160 bytes {application} [built]
[./app/javascript/channels/index.js] 211 bytes {application} [built]
[./app/javascript/packs/application.js] 749 bytes {application} [built]
[./node_modules/webpack/buildin/module.js] (webpack)/buildin/module.js 552 bytes {application} [built]
    + 3 hidden modules

Completed 200 OK in 7343ms (Views: 7324.3ms | ActiveRecord: 0.0ms | Allocations: 1596278)


Started GET "/posts" for ::1 at 2021-12-18 03:02:44 +0900
Processing by PostsController#index as HTML
  Rendering posts/index.html.erb within layouts/application
  Rendered posts/index.html.erb within layouts/application (Duration: 0.1ms | Allocations: 5)
[Webpacker] Everything's up-to-date. Nothing to do
Completed 200 OK in 20ms (Views: 18.7ms | ActiveRecord: 0.0ms | Allocations: 8582)


Started GET "/posts" for ::1 at 2021-12-18 03:02:44 +0900
Processing by PostsController#index as HTML
  Rendering posts/index.html.erb within layouts/application
  Rendered posts/index.html.erb within layouts/application (Duration: 0.0ms | Allocations: 4)
[Webpacker] Everything's up-to-date. Nothing to do
Completed 200 OK in 34ms (Views: 33.9ms | ActiveRecord: 0.0ms | Allocations: 16194)


Started GET "/posts" for ::1 at 2021-12-18 03:04:59 +0900
Processing by PostsController#index as HTML
  Rendering posts/index.html.erb within layouts/application
  Rendered posts/index.html.erb within layouts/application (Duration: 0.7ms | Allocations: 218)
[Webpacker] Everything's up-to-date. Nothing to do
Completed 200 OK in 1355ms (Views: 1349.4ms | ActiveRecord: 0.0ms | Allocations: 1543321)


  [1m[35m (0.2ms)[0m  [1m[34mSELECT @@innodb_file_per_table = 1 AND @@innodb_file_format = 'Barracuda'[0m
  [1m[35m (68.4ms)[0m  [1m[35mCREATE TABLE `schema_migrations` (`version` varchar(255) COLLATE utf8_general_ci NOT NULL PRIMARY KEY)[0m
  [1m[35m (12.1ms)[0m  [1m[35mCREATE TABLE `ar_internal_metadata` (`key` varchar(255) COLLATE utf8_general_ci NOT NULL PRIMARY KEY, `value` varchar(255), `created_at` datetime(6) NOT NULL, `updated_at` datetime(6) NOT NULL)[0m
  [1m[35m (4.9ms)[0m  [1m[34mSELECT GET_LOCK('1785429997132287975', 0)[0m
  [1m[35m (0.8ms)[0m  [1m[34mSELECT `schema_migrations`.`version` FROM `schema_migrations` ORDER BY `schema_migrations`.`version` ASC[0m
Migrating to CreatePosts (20211217181502)
  [1m[35m (33.2ms)[0m  [1m[35mCREATE TABLE `posts` (`id` bigint NOT NULL AUTO_INCREMENT PRIMARY KEY, `memo` text, `created_at` datetime(6) NOT NULL, `updated_at` datetime(6) NOT NULL)[0m
  [1m[35m (0.2ms)[0m  [1m[35mBEGIN[0m
  [1m[36mActiveRecord::SchemaMigration Create (1.2ms)[0m  [1m[32mINSERT INTO `schema_migrations` (`version`) VALUES ('20211217181502')[0m
  [1m[35m (0.4ms)[0m  [1m[35mCOMMIT[0m
  [1m[36mActiveRecord::InternalMetadata Load (0.7ms)[0m  [1m[34mSELECT `ar_internal_metadata`.* FROM `ar_internal_metadata` WHERE `ar_internal_metadata`.`key` = 'environment' LIMIT 1[0m
  [1m[35m (0.1ms)[0m  [1m[35mBEGIN[0m
  [1m[36mActiveRecord::InternalMetadata Create (0.4ms)[0m  [1m[32mINSERT INTO `ar_internal_metadata` (`key`, `value`, `created_at`, `updated_at`) VALUES ('environment', 'development', '2021-12-17 18:19:11.701364', '2021-12-17 18:19:11.701364')[0m
  [1m[35m (0.8ms)[0m  [1m[35mCOMMIT[0m
  [1m[35m (0.2ms)[0m  [1m[34mSELECT RELEASE_LOCK('1785429997132287975')[0m
  [1m[35m (0.5ms)[0m  [1m[34mSELECT `schema_migrations`.`version` FROM `schema_migrations` ORDER BY `schema_migrations`.`version` ASC[0m
  [1m[35m (0.2ms)[0m  [1m[34mSELECT `schema_migrations`.`version` FROM `schema_migrations` ORDER BY `schema_migrations`.`version` ASC[0m
  [1m[35m (0.2ms)[0m  [1m[34mSELECT `schema_migrations`.`version` FROM `schema_migrations` ORDER BY `schema_migrations`.`version` ASC[0m
  [1m[35m (0.2ms)[0m  [1m[34mSELECT `schema_migrations`.`version` FROM `schema_migrations` ORDER BY `schema_migrations`.`version` ASC[0m
  [1m[35m (0.2ms)[0m  [1m[34mSELECT `schema_migrations`.`version` FROM `schema_migrations` ORDER BY `schema_migrations`.`version` ASC[0m
  [1m[35m (0.1ms)[0m  [1m[34mSELECT GET_LOCK('1785429997132287975', 0)[0m
  [1m[35m (0.3ms)[0m  [1m[34mSELECT `schema_migrations`.`version` FROM `schema_migrations` ORDER BY `schema_migrations`.`version` ASC[0m
Migrating to CreatePosts (20211217181502)
  [1m[35m (9.3ms)[0m  [1m[35mDROP TABLE `posts`[0m
  [1m[36mActiveRecord::SchemaMigration Destroy (5.9ms)[0m  [1m[31mDELETE FROM `schema_migrations` WHERE `schema_migrations`.`version` = '20211217181502'[0m
  [1m[35m (0.3ms)[0m  [1m[34mSELECT RELEASE_LOCK('1785429997132287975')[0m
  [1m[35m (0.2ms)[0m  [1m[34mSELECT `schema_migrations`.`version` FROM `schema_migrations` ORDER BY `schema_migrations`.`version` ASC[0m
  [1m[35m (0.2ms)[0m  [1m[34mSELECT `schema_migrations`.`version` FROM `schema_migrations` ORDER BY `schema_migrations`.`version` ASC[0m
  [1m[35m (0.1ms)[0m  [1m[34mSELECT GET_LOCK('1785429997132287975', 0)[0m
  [1m[35m (0.2ms)[0m  [1m[34mSELECT `schema_migrations`.`version` FROM `schema_migrations` ORDER BY `schema_migrations`.`version` ASC[0m
Migrating to CreatePosts (20211217181502)
  [1m[35m (0.2ms)[0m  [1m[34mSELECT @@innodb_file_per_table = 1 AND @@innodb_file_format = 'Barracuda'[0m
  [1m[35m (30.2ms)[0m  [1m[35mCREATE TABLE `posts` (`id` bigint NOT NULL AUTO_INCREMENT PRIMARY KEY, `content` text, `created_at` datetime(6) NOT NULL, `updated_at` datetime(6) NOT NULL)[0m
  [1m[35m (0.1ms)[0m  [1m[35mBEGIN[0m
  [1m[36mActiveRecord::SchemaMigration Create (0.3ms)[0m  [1m[32mINSERT INTO `schema_migrations` (`version`) VALUES ('20211217181502')[0m
  [1m[35m (0.4ms)[0m  [1m[35mCOMMIT[0m
  [1m[36mActiveRecord::InternalMetadata Load (0.6ms)[0m  [1m[34mSELECT `ar_internal_metadata`.* FROM `ar_internal_metadata` WHERE `ar_internal_metadata`.`key` = 'environment' LIMIT 1[0m
  [1m[35m (0.3ms)[0m  [1m[34mSELECT RELEASE_LOCK('1785429997132287975')[0m
  [1m[35m (0.4ms)[0m  [1m[34mSELECT `schema_migrations`.`version` FROM `schema_migrations` ORDER BY `schema_migrations`.`version` ASC[0m
  [1m[35m (0.2ms)[0m  [1m[35mBEGIN[0m
  [1m[36mPost Create (0.6ms)[0m  [1m[32mINSERT INTO `posts` (`content`, `created_at`, `updated_at`) VALUES ('こんにちは', '2021-12-17 18:47:56.864509', '2021-12-17 18:47:56.864509')[0m
  [1m[35m (6.7ms)[0m  [1m[35mCOMMIT[0m
  [1m[36mPost Load (0.3ms)[0m  [1m[34mSELECT `posts`.* FROM `posts` LIMIT 11[0m
  [1m[36mPost Load (0.7ms)[0m  [1m[34mSELECT `posts`.* FROM `posts` WHERE `posts`.`id` = 1 LIMIT 1[0m
  [1m[36mPost Load (0.4ms)[0m  [1m[34mSELECT `posts`.* FROM `posts` WHERE `posts`.`id` = 1 LIMIT 1[0m
Started GET "/posts" for ::1 at 2021-12-18 03:56:20 +0900
  [1m[35m (0.3ms)[0m  [1m[34mSELECT `schema_migrations`.`version` FROM `schema_migrations` ORDER BY `schema_migrations`.`version` ASC[0m
Processing by PostsController#index as HTML
  [1m[36mPost Load (0.3ms)[0m  [1m[34mSELECT `posts`.* FROM `posts` WHERE `posts`.`id` = 1 LIMIT 1[0m
  ↳ app/controllers/posts_controller.rb:3:in `index'
  Rendering posts/index.html.erb within layouts/application
  Rendered posts/index.html.erb within layouts/application (Duration: 1.1ms | Allocations: 221)
[Webpacker] Everything's up-to-date. Nothing to do
Completed 200 OK in 1368ms (Views: 1344.5ms | ActiveRecord: 7.6ms | Allocations: 1544079)


Started GET "/posts" for ::1 at 2021-12-18 03:56:28 +0900
Processing by PostsController#index as HTML
  [1m[36mPost Load (0.6ms)[0m  [1m[34mSELECT `posts`.* FROM `posts` WHERE `posts`.`id` = 1 LIMIT 1[0m
  ↳ app/controllers/posts_controller.rb:3:in `index'
  Rendering posts/index.html.erb within layouts/application
  Rendered posts/index.html.erb within layouts/application (Duration: 0.0ms | Allocations: 8)
[Webpacker] Everything's up-to-date. Nothing to do
Completed 200 OK in 9ms (Views: 7.5ms | ActiveRecord: 0.6ms | Allocations: 9271)


Started GET "/posts" for ::1 at 2021-12-18 03:57:04 +0900
Processing by PostsController#index as HTML
  [1m[36mPost Load (0.4ms)[0m  [1m[34mSELECT `posts`.* FROM `posts` WHERE `posts`.`id` = 1 LIMIT 1[0m
  ↳ app/controllers/posts_controller.rb:3:in `index'
  Rendering posts/index.html.erb within layouts/application
  Rendered posts/index.html.erb within layouts/application (Duration: 0.4ms | Allocations: 104)
[Webpacker] Everything's up-to-date. Nothing to do
Completed 200 OK in 18ms (Views: 16.0ms | ActiveRecord: 0.4ms | Allocations: 10301)


Started GET "/posts" for ::1 at 2021-12-18 03:57:47 +0900
Processing by PostsController#index as HTML
  [1m[36mPost Load (0.5ms)[0m  [1m[34mSELECT `posts`.* FROM `posts` WHERE `posts`.`id` = 1 LIMIT 1[0m
  ↳ app/controllers/posts_controller.rb:3:in `index'
  Rendering posts/index.html.erb within layouts/application
  Rendered posts/index.html.erb within layouts/application (Duration: 0.5ms | Allocations: 126)
[Webpacker] Everything's up-to-date. Nothing to do
Completed 200 OK in 13ms (Views: 11.1ms | ActiveRecord: 0.5ms | Allocations: 10280)


Started GET "/posts" for ::1 at 2021-12-18 03:58:15 +0900
Processing by PostsController#index as HTML
  Rendering posts/index.html.erb within layouts/application
  [1m[36mPost Load (0.4ms)[0m  [1m[34mSELECT `posts`.* FROM `posts` LIMIT 11[0m
  Rendered posts/index.html.erb within layouts/application (Duration: 16.5ms | Allocations: 6772)
Completed 500 Internal Server Error in 18ms (ActiveRecord: 5.0ms | Allocations: 7711)


  
ActionView::Template::Error (undefined method `content' for #<Post::ActiveRecord_Relation:0x00007fa93c1ae928>
Did you mean?  connection):
    1: <h1>トップページ</h1>
    2: <%= @post.content %>
    3: <%= @post.created_at%>
  
app/views/posts/index.html.erb:2
Started GET "/posts" for ::1 at 2021-12-18 03:59:52 +0900
Processing by PostsController#index as HTML
  Rendering posts/index.html.erb within layouts/application
  Rendered posts/index.html.erb within layouts/application (Duration: 1.0ms | Allocations: 1409)
Completed 500 Internal Server Error in 3ms (ActiveRecord: 0.0ms | Allocations: 2620)


  
ActionView::Template::Error (undefined method `each' for nil:NilClass):
    1: <h1>トップページ</h1>
    2: <% @posts.each do |post| %>
    3:   <%= @post.content %>  
    4:   <%= @post.created_at%>
    5: <% end %>
  
app/views/posts/index.html.erb:2
Started GET "/posts" for ::1 at 2021-12-18 04:00:18 +0900
Processing by PostsController#index as HTML
  Rendering posts/index.html.erb within layouts/application
  [1m[36mPost Load (0.3ms)[0m  [1m[34mSELECT `posts`.* FROM `posts`[0m
  ↳ app/views/posts/index.html.erb:2
  Rendered posts/index.html.erb within layouts/application (Duration: 7.8ms | Allocations: 4602)
Completed 500 Internal Server Error in 9ms (ActiveRecord: 4.6ms | Allocations: 5579)


  
ActionView::Template::Error (undefined method `content' for nil:NilClass):
    1: <h1>トップページ</h1>
    2: <% @posts.each do |post| %>
    3:   <%= @post.content %>  
    4:   <%= @post.created_at%>
    5: <% end %>
  
app/views/posts/index.html.erb:3
app/views/posts/index.html.erb:2
Started GET "/posts" for ::1 at 2021-12-18 04:00:47 +0900
Processing by PostsController#index as HTML
  Rendering posts/index.html.erb within layouts/application
  [1m[36mPost Load (0.3ms)[0m  [1m[34mSELECT `posts`.* FROM `posts`[0m
  ↳ app/views/posts/index.html.erb:2
  Rendered posts/index.html.erb within layouts/application (Duration: 9.9ms | Allocations: 5753)
Completed 500 Internal Server Error in 12ms (ActiveRecord: 4.6ms | Allocations: 7277)


  
ActionView::Template::Error (undefined method `content' for #<Post::ActiveRecord_Relation:0x00007fa93c0c45f8>
Did you mean?  connection):
    1: <h1>トップページ</h1>
    2: <% @post.each do |post| %>
    3:   <%= @post.content %>  
    4:   <%= @post.created_at%>
    5: <% end %>
  
app/views/posts/index.html.erb:3
app/views/posts/index.html.erb:2
Started GET "/posts" for ::1 at 2021-12-18 04:01:50 +0900
Processing by PostsController#index as HTML
  Rendering posts/index.html.erb within layouts/application
  [1m[36mPost Load (0.6ms)[0m  [1m[34mSELECT `posts`.* FROM `posts`[0m
  ↳ app/views/posts/index.html.erb:2
  Rendered posts/index.html.erb within layouts/application (Duration: 9.1ms | Allocations: 4704)
Completed 500 Internal Server Error in 12ms (ActiveRecord: 5.4ms | Allocations: 6219)


  
ActionView::Template::Error (undefined method `content' for nil:NilClass):
    1: <h1>トップページ</h1>
    2: <% @posts.each do |post| %>
    3:   <%= @post.content %>  
    4:   <%= @post.created_at%>
    5: <% end %>
  
app/views/posts/index.html.erb:3
app/views/posts/index.html.erb:2
Started GET "/posts" for ::1 at 2021-12-18 04:02:11 +0900
Processing by PostsController#index as HTML
  Rendering posts/index.html.erb within layouts/application
  [1m[36mPost Load (0.3ms)[0m  [1m[34mSELECT `posts`.* FROM `posts`[0m
  ↳ app/views/posts/index.html.erb:2
  Rendered posts/index.html.erb within layouts/application (Duration: 2.1ms | Allocations: 2099)
Completed 500 Internal Server Error in 4ms (ActiveRecord: 0.3ms | Allocations: 3282)


  
ActionView::Template::Error (undefined method `content' for nil:NilClass):
    1: <h1>トップページ</h1>
    2: <% @posts.each do |post| %>
    3:   <%= @post.content %>  
    4:   <%= @post.created_at%>
    5: <% end %>
  
app/views/posts/index.html.erb:3
app/views/posts/index.html.erb:2
Started GET "/posts" for ::1 at 2021-12-18 04:02:25 +0900
Processing by PostsController#index as HTML
  Rendering posts/index.html.erb within layouts/application
  [1m[36mPost Load (0.3ms)[0m  [1m[34mSELECT `posts`.* FROM `posts`[0m
  ↳ app/views/posts/index.html.erb:2
  Rendered posts/index.html.erb within layouts/application (Duration: 1.8ms | Allocations: 2131)
Completed 500 Internal Server Error in 4ms (ActiveRecord: 0.3ms | Allocations: 3323)


  
ActionView::Template::Error (undefined method `id' for nil:NilClass):
    1: <h1>トップページ</h1>
    2: <% @posts.each do |post| %>
    3:   <%= @post.id %>  
    4:   <%= @post.created_at%>
    5: <% end %>
  
app/views/posts/index.html.erb:3
app/views/posts/index.html.erb:2
Started GET "/posts" for ::1 at 2021-12-18 04:02:41 +0900
Processing by PostsController#index as HTML
  Rendering posts/index.html.erb within layouts/application
  [1m[36mPost Load (0.3ms)[0m  [1m[34mSELECT `posts`.* FROM `posts`[0m
  ↳ app/views/posts/index.html.erb:2
  Rendered posts/index.html.erb within layouts/application (Duration: 1.4ms | Allocations: 857)
[Webpacker] Everything's up-to-date. Nothing to do
Completed 200 OK in 14ms (Views: 12.9ms | ActiveRecord: 0.3ms | Allocations: 10443)


Started GET "/posts" for ::1 at 2021-12-18 04:05:13 +0900
Processing by PostsController#index as HTML
  Rendering posts/index.html.erb within layouts/application
  [1m[36mPost Load (0.3ms)[0m  [1m[34mSELECT `posts`.* FROM `posts`[0m
  ↳ app/views/posts/index.html.erb:2
  Rendered posts/index.html.erb within layouts/application (Duration: 1.4ms | Allocations: 868)
[Webpacker] Everything's up-to-date. Nothing to do
Completed 200 OK in 12ms (Views: 10.8ms | ActiveRecord: 0.3ms | Allocations: 10447)


Started GET "/posts" for ::1 at 2021-12-18 04:07:42 +0900
Processing by PostsController#index as HTML
  Rendering posts/index.html.erb within layouts/application
  [1m[36mPost Load (0.3ms)[0m  [1m[34mSELECT `posts`.* FROM `posts`[0m
  ↳ app/views/posts/index.html.erb:2
  Rendered posts/index.html.erb within layouts/application (Duration: 1.0ms | Allocations: 707)
[Webpacker] Everything's up-to-date. Nothing to do
Completed 200 OK in 32ms (Views: 31.2ms | ActiveRecord: 0.3ms | Allocations: 17410)


Started GET "/posts" for ::1 at 2021-12-18 04:08:29 +0900
Processing by PostsController#index as HTML
  Rendering posts/index.html.erb within layouts/application
  [1m[36mPost Load (0.3ms)[0m  [1m[34mSELECT `posts`.* FROM `posts`[0m
  ↳ app/views/posts/index.html.erb:2
  Rendered posts/index.html.erb within layouts/application (Duration: 1.0ms | Allocations: 707)
[Webpacker] Everything's up-to-date. Nothing to do
Completed 200 OK in 9ms (Views: 8.0ms | ActiveRecord: 0.3ms | Allocations: 11208)


Started GET "/posts" for ::1 at 2021-12-18 04:08:32 +0900
Processing by PostsController#index as HTML
  Rendering posts/index.html.erb within layouts/application
  [1m[36mPost Load (0.3ms)[0m  [1m[34mSELECT `posts`.* FROM `posts`[0m
  ↳ app/views/posts/index.html.erb:2
  Rendered posts/index.html.erb within layouts/application (Duration: 1.4ms | Allocations: 867)
[Webpacker] Everything's up-to-date. Nothing to do
Completed 200 OK in 15ms (Views: 13.6ms | ActiveRecord: 0.3ms | Allocations: 12281)


Started GET "/posts/new" for ::1 at 2021-12-19 03:02:13 +0900
  [1m[35m (1.4ms)[0m  [1m[34mSELECT `schema_migrations`.`version` FROM `schema_migrations` ORDER BY `schema_migrations`.`version` ASC[0m
Processing by PostsController#new as HTML
  Rendering posts/new.html.erb within layouts/application
  Rendered posts/new.html.erb within layouts/application (Duration: 4.6ms | Allocations: 205)
[Webpacker] Everything's up-to-date. Nothing to do
Completed 200 OK in 1487ms (Views: 1464.2ms | ActiveRecord: 0.0ms | Allocations: 1545218)


Started GET "/posts/new" for ::1 at 2021-12-19 03:05:10 +0900
Processing by PostsController#new as HTML
  Rendering posts/new.html.erb within layouts/application
  Rendered posts/new.html.erb within layouts/application (Duration: 1.2ms | Allocations: 94)
[Webpacker] Everything's up-to-date. Nothing to do
Completed 200 OK in 36ms (Views: 33.5ms | ActiveRecord: 0.0ms | Allocations: 11500)


Started GET "/posts/new" for ::1 at 2021-12-19 03:09:07 +0900
Processing by PostsController#new as HTML
  Rendering posts/new.html.erb within layouts/application
  Rendered posts/new.html.erb within layouts/application (Duration: 23.9ms | Allocations: 3106)
Completed 500 Internal Server Error in 30ms (ActiveRecord: 0.0ms | Allocations: 4292)


  
ActionView::SyntaxErrorInTemplate (Encountered a syntax error while rendering template: check <h1>新規登録ページ</h1>

<form action="/possts" meshod="post">
  <input type = "text" name="content">
  <input type = "submit" value="登録する">
</form>

<%= form_with url:"posts", method: :post, local: true do |form| %>
  <%= form.text_field :content%>
  <%= form.submit '投稿する'%>
<%= end%>

):
1:    <h1>新規登録ページ</h1>
2:    
3:    <form action="/possts" meshod="post">
4:      <input type = "text" name="content">
5:      <input type = "submit" value="登録する">
6:    </form>
7:    
8:    <%= form_with url:"posts", method: :post, local: true do |form| %>
9:      <%= form.text_field :content%>
10:      <%= form.submit '投稿する'%>
11:    <%= end%>
  
app/views/posts/new.html.erb:11: syntax error, unexpected end
app/views/posts/new.html.erb:14: syntax error, unexpected end, expecting ')'
app/views/posts/new.html.erb:11: syntax error, unexpected end
app/views/posts/new.html.erb:14: syntax error, unexpected end, expecting ')'
app/views/posts/new.html.erb:11: syntax error, unexpected end
app/views/posts/new.html.erb:14: syntax error, unexpected end, expecting ')'
app/views/posts/new.html.erb:11: syntax error, unexpected end
app/views/posts/new.html.erb:14: syntax error, unexpected end, expecting ')'
app/views/posts/new.html.erb:11: syntax error, unexpected end
app/views/posts/new.html.erb:14: syntax error, unexpected end, expecting ')'
app/views/posts/new.html.erb:11: syntax error, unexpected end
app/views/posts/new.html.erb:14: syntax error, unexpected end, expecting ')'
Started GET "/posts/new" for ::1 at 2021-12-19 03:09:26 +0900
Processing by PostsController#new as HTML
  Rendering posts/new.html.erb within layouts/application
  Rendered posts/new.html.erb within layouts/application (Duration: 2.9ms | Allocations: 1081)
Completed 500 Internal Server Error in 10ms (ActiveRecord: 0.0ms | Allocations: 2274)


  
ActionView::SyntaxErrorInTemplate (Encountered a syntax error while rendering template: check <h1>新規登録ページ</h1>
<%# 
<form action="/possts" meshod="post">
  <input type = "text" name="content">
  <input type = "submit" value="登録する">
</form> %>

<%= form_with url:"posts", method: :post, local: true do |form| %>
  <%= form.text_field :content%>
  <%= form.submit '投稿する'%>
<%= end%>

):
1:    <h1>新規登録ページ</h1>
2:    <%# 
3:    <form action="/possts" meshod="post">
4:      <input type = "text" name="content">
5:      <input type = "submit" value="登録する">
6:    </form> %>
7:    
8:    <%= form_with url:"posts", method: :post, local: true do |form| %>
9:      <%= form.text_field :content%>
10:      <%= form.submit '投稿する'%>
11:    <%= end%>
  
app/views/posts/new.html.erb:11: syntax error, unexpected end
app/views/posts/new.html.erb:14: syntax error, unexpected end, expecting ')'
app/views/posts/new.html.erb:11: syntax error, unexpected end
app/views/posts/new.html.erb:14: syntax error, unexpected end, expecting ')'
app/views/posts/new.html.erb:11: syntax error, unexpected end
app/views/posts/new.html.erb:14: syntax error, unexpected end, expecting ')'
app/views/posts/new.html.erb:11: syntax error, unexpected end
app/views/posts/new.html.erb:14: syntax error, unexpected end, expecting ')'
app/views/posts/new.html.erb:11: syntax error, unexpected end
app/views/posts/new.html.erb:14: syntax error, unexpected end, expecting ')'
app/views/posts/new.html.erb:11: syntax error, unexpected end
app/views/posts/new.html.erb:14: syntax error, unexpected end, expecting ')'
Started GET "/posts/new" for ::1 at 2021-12-19 03:09:49 +0900
Processing by PostsController#new as HTML
  Rendering posts/new.html.erb within layouts/application
  Rendered posts/new.html.erb within layouts/application (Duration: 3.0ms | Allocations: 1078)
Completed 500 Internal Server Error in 13ms (ActiveRecord: 0.0ms | Allocations: 2255)


  
ActionView::SyntaxErrorInTemplate (Encountered a syntax error while rendering template: check <h1>新規登録ページ</h1>
<%# 
<form action="/possts" meshod="post">
  <input type = "text" name="content">
  <input type = "submit" value="登録する">
</form> %>

<%= form_with url:"/posts", method: :post, local: true do |form| %>
  <%= form.text_field :content%>
  <%= form.submit '投稿する'%>
<%= end%>

):
1:    <h1>新規登録ページ</h1>
2:    <%# 
3:    <form action="/possts" meshod="post">
4:      <input type = "text" name="content">
5:      <input type = "submit" value="登録する">
6:    </form> %>
7:    
8:    <%= form_with url:"/posts", method: :post, local: true do |form| %>
9:      <%= form.text_field :content%>
10:      <%= form.submit '投稿する'%>
11:    <%= end%>
  
app/views/posts/new.html.erb:11: syntax error, unexpected end
app/views/posts/new.html.erb:14: syntax error, unexpected end, expecting ')'
app/views/posts/new.html.erb:11: syntax error, unexpected end
app/views/posts/new.html.erb:14: syntax error, unexpected end, expecting ')'
app/views/posts/new.html.erb:11: syntax error, unexpected end
app/views/posts/new.html.erb:14: syntax error, unexpected end, expecting ')'
app/views/posts/new.html.erb:11: syntax error, unexpected end
app/views/posts/new.html.erb:14: syntax error, unexpected end, expecting ')'
app/views/posts/new.html.erb:11: syntax error, unexpected end
app/views/posts/new.html.erb:14: syntax error, unexpected end, expecting ')'
app/views/posts/new.html.erb:11: syntax error, unexpected end
app/views/posts/new.html.erb:14: syntax error, unexpected end, expecting ')'
Started GET "/posts/new" for ::1 at 2021-12-19 03:10:25 +0900
Processing by PostsController#new as HTML
  Rendering posts/new.html.erb within layouts/application
  Rendered posts/new.html.erb within layouts/application (Duration: 1.8ms | Allocations: 1078)
Completed 500 Internal Server Error in 8ms (ActiveRecord: 0.0ms | Allocations: 2255)


  
ActionView::SyntaxErrorInTemplate (Encountered a syntax error while rendering template: check <h1>新規登録ページ</h1>
<%# 
<form action="/possts" meshod="post">
  <input type = "text" name="content">
  <input type = "submit" value="登録する">
</form> %>

<%= form_with url:"/posts", method: :post, local: true do |form| %>
  <%= form.text_field :content %>
  <%= form.submit '投稿する' %>
<%= end %>

):
1:    <h1>新規登録ページ</h1>
2:    <%# 
3:    <form action="/possts" meshod="post">
4:      <input type = "text" name="content">
5:      <input type = "submit" value="登録する">
6:    </form> %>
7:    
8:    <%= form_with url:"/posts", method: :post, local: true do |form| %>
9:      <%= form.text_field :content %>
10:      <%= form.submit '投稿する' %>
11:    <%= end %>
  
app/views/posts/new.html.erb:11: syntax error, unexpected end
app/views/posts/new.html.erb:14: syntax error, unexpected end, expecting ')'
app/views/posts/new.html.erb:11: syntax error, unexpected end
app/views/posts/new.html.erb:14: syntax error, unexpected end, expecting ')'
app/views/posts/new.html.erb:11: syntax error, unexpected end
app/views/posts/new.html.erb:14: syntax error, unexpected end, expecting ')'
app/views/posts/new.html.erb:11: syntax error, unexpected end
app/views/posts/new.html.erb:14: syntax error, unexpected end, expecting ')'
app/views/posts/new.html.erb:11: syntax error, unexpected end
app/views/posts/new.html.erb:14: syntax error, unexpected end, expecting ')'
app/views/posts/new.html.erb:11: syntax error, unexpected end
app/views/posts/new.html.erb:14: syntax error, unexpected end, expecting ')'
Started GET "/posts/new" for ::1 at 2021-12-19 03:10:41 +0900
Processing by PostsController#new as HTML
  Rendering posts/new.html.erb within layouts/application
  Rendered posts/new.html.erb within layouts/application (Duration: 24.3ms | Allocations: 2728)
[Webpacker] Everything's up-to-date. Nothing to do
Completed 200 OK in 58ms (Views: 55.6ms | ActiveRecord: 0.0ms | Allocations: 14044)


Started GET "/posts/new" for ::1 at 2021-12-19 03:16:13 +0900
  [1m[35m (0.2ms)[0m  [1m[34mSELECT `schema_migrations`.`version` FROM `schema_migrations` ORDER BY `schema_migrations`.`version` ASC[0m
Processing by PostsController#new as HTML
  Rendering posts/new.html.erb within layouts/application
  Rendered posts/new.html.erb within layouts/application (Duration: 1.8ms | Allocations: 1137)
[Webpacker] Everything's up-to-date. Nothing to do
Completed 200 OK in 1260ms (Views: 1255.3ms | ActiveRecord: 0.0ms | Allocations: 1542622)


Started GET "/posts/new" for ::1 at 2021-12-19 03:16:25 +0900
Processing by PostsController#new as HTML
  Rendering posts/new.html.erb within layouts/application
  Rendered posts/new.html.erb within layouts/application (Duration: 1.5ms | Allocations: 688)
[Webpacker] Everything's up-to-date. Nothing to do
Completed 200 OK in 60ms (Views: 59.2ms | ActiveRecord: 0.0ms | Allocations: 11086)


Started GET "/posts" for ::1 at 2021-12-19 03:16:34 +0900
Processing by PostsController#index as HTML
  Rendering posts/index.html.erb within layouts/application
  [1m[36mPost Load (0.5ms)[0m  [1m[34mSELECT `posts`.* FROM `posts`[0m
  ↳ app/views/posts/index.html.erb:2
  Rendered posts/index.html.erb within layouts/application (Duration: 17.5ms | Allocations: 3907)
[Webpacker] Everything's up-to-date. Nothing to do
Completed 200 OK in 40ms (Views: 30.0ms | ActiveRecord: 4.0ms | Allocations: 14895)


Started GET "/posts" for ::1 at 2021-12-19 03:17:35 +0900
Processing by PostsController#index as HTML
  Rendering posts/index.html.erb within layouts/application
  [1m[36mPost Load (0.6ms)[0m  [1m[34mSELECT `posts`.* FROM `posts`[0m
  ↳ app/views/posts/index.html.erb:3
  Rendered posts/index.html.erb within layouts/application (Duration: 6.7ms | Allocations: 1556)
[Webpacker] Everything's up-to-date. Nothing to do
Completed 200 OK in 36ms (Views: 33.1ms | ActiveRecord: 0.6ms | Allocations: 14592)


Started GET "/posts/new" for ::1 at 2021-12-19 03:17:38 +0900
Processing by PostsController#new as HTML
  Rendering posts/new.html.erb within layouts/application
  Rendered posts/new.html.erb within layouts/application (Duration: 2.0ms | Allocations: 822)
[Webpacker] Everything's up-to-date. Nothing to do
Completed 200 OK in 22ms (Views: 20.1ms | ActiveRecord: 0.0ms | Allocations: 11327)


Started GET "/posts" for ::1 at 2021-12-20 04:06:13 +0900
  [1m[35m (3.1ms)[0m  [1m[34mSELECT `schema_migrations`.`version` FROM `schema_migrations` ORDER BY `schema_migrations`.`version` ASC[0m
Processing by PostsController#index as HTML
  Rendering posts/index.html.erb within layouts/application
  [1m[36mPost Load (0.7ms)[0m  [1m[34mSELECT `posts`.* FROM `posts`[0m
  ↳ app/views/posts/index.html.erb:3
  Rendered posts/index.html.erb within layouts/application (Duration: 24.7ms | Allocations: 4055)
[Webpacker] Everything's up-to-date. Nothing to do
Completed 200 OK in 1367ms (Views: 1335.5ms | ActiveRecord: 8.1ms | Allocations: 1546322)


Started GET "/posts/new" for ::1 at 2021-12-20 04:06:18 +0900
Processing by PostsController#new as HTML
  Rendering posts/new.html.erb within layouts/application
  Rendered posts/new.html.erb within layouts/application (Duration: 5.7ms | Allocations: 984)
[Webpacker] Everything's up-to-date. Nothing to do
Completed 200 OK in 30ms (Views: 27.9ms | ActiveRecord: 0.0ms | Allocations: 11503)


Started POST "/posts" for ::1 at 2021-12-20 04:06:21 +0900
Processing by PostsController#create as HTML
  Parameters: {"authenticity_token"=>"OVBF19yFrJXWzy+fvXDMd3zU9zyW1YUhqI2ZMIn+D3FNqb4Dpp93rpW5JkWmG4C7Efc94YMvvxFWo38pmSrABw==", "content"=>"aaaaa", "commit"=>"投稿する"}
  [1m[35m (1.4ms)[0m  [1m[35mBEGIN[0m
  ↳ app/controllers/posts_controller.rb:10:in `create'
  [1m[36mPost Create (5.0ms)[0m  [1m[32mINSERT INTO `posts` (`content`, `created_at`, `updated_at`) VALUES ('aaaaa', '2021-12-19 19:06:21.493673', '2021-12-19 19:06:21.493673')[0m
  ↳ app/controllers/posts_controller.rb:10:in `create'
  [1m[35m (2.0ms)[0m  [1m[35mCOMMIT[0m
  ↳ app/controllers/posts_controller.rb:10:in `create'
  Rendering posts/create.html.erb within layouts/application
  Rendered posts/create.html.erb within layouts/application (Duration: 1.7ms | Allocations: 120)
[Webpacker] Everything's up-to-date. Nothing to do
Completed 200 OK in 50ms (Views: 28.8ms | ActiveRecord: 8.5ms | Allocations: 13356)


Started GET "/posts" for ::1 at 2021-12-20 04:06:23 +0900
Processing by PostsController#index as HTML
  Rendering posts/index.html.erb within layouts/application
  [1m[36mPost Load (0.5ms)[0m  [1m[34mSELECT `posts`.* FROM `posts`[0m
  ↳ app/views/posts/index.html.erb:3
  Rendered posts/index.html.erb within layouts/application (Duration: 2.6ms | Allocations: 751)
[Webpacker] Everything's up-to-date. Nothing to do
Completed 200 OK in 25ms (Views: 23.3ms | ActiveRecord: 0.5ms | Allocations: 11248)


